<?xml version="1.0" encoding="UTF-8"?>
<!-- Generated by org.testng.reporters.JUnitXMLReporter -->
<testsuite ignored="0" hostname="MS-LP-18" failures="3" tests="3" name="ChromeTest" time="118.584" errors="0" timestamp="2022-06-09T14:49:45 IST">
  <testcase classname="com.ecommerce.testCases.AccountCreationPageTest" name="validateAccountCreateTest" time="17.013">
    <failure type="java.lang.AssertionError" message="expected [http://automationpractice.com/index.php?controller=authentication] but found [http://automationpractice.com/index.php?controller=my-account]">
      <![CDATA[java.lang.AssertionError: expected [http://automationpractice.com/index.php?controller=authentication] but found [http://automationpractice.com/index.php?controller=my-account]
at com.ecommerce.testCases.AccountCreationPageTest.validateAccountCreateTest(AccountCreationPageTest.java:65)
at java.base/java.util.ArrayList.forEach(ArrayList.java:1511)
... Removed 32 stack frames]]>
    </failure>
  </testcase> <!-- validateAccountCreateTest -->
  <testcase classname="com.ecommerce.testCases.AccountCreationPageTest" name="validateAccountCreateTest" time="25.444">
    <failure type="java.lang.AssertionError" message="expected [http://automationpractice.com/index.php?controller=authentication] but found [http://automationpractice.com/index.php?controller=my-account]">
      <![CDATA[java.lang.AssertionError: expected [http://automationpractice.com/index.php?controller=authentication] but found [http://automationpractice.com/index.php?controller=my-account]
at com.ecommerce.testCases.AccountCreationPageTest.validateAccountCreateTest(AccountCreationPageTest.java:65)
at java.base/java.util.ArrayList.forEach(ArrayList.java:1511)
... Removed 32 stack frames]]>
    </failure>
  </testcase> <!-- validateAccountCreateTest -->
  <testcase classname="com.ecommerce.testCases.AccountCreationPageTest" name="validateAccountCreateTest" time="38.674">
    <failure type="java.lang.AssertionError" message="expected [http://automationpractice.com/index.php?controller=authentication] but found [http://automationpractice.com/index.php?controller=my-account]">
      <![CDATA[java.lang.AssertionError: expected [http://automationpractice.com/index.php?controller=authentication] but found [http://automationpractice.com/index.php?controller=my-account]
at com.ecommerce.testCases.AccountCreationPageTest.validateAccountCreateTest(AccountCreationPageTest.java:65)
at java.base/java.util.ArrayList.forEach(ArrayList.java:1511)
... Removed 32 stack frames]]>
    </failure>
  </testcase> <!-- validateAccountCreateTest -->
</testsuite> <!-- ChromeTest -->
